{
  "RSpec": {
    "coverage": {
      "/Users/michaelkeohane/Projects/chitter-challenge-apprenticeships/app.rb": {
        "lines": [
          1,
          1,
          1,
          null,
          null,
          1,
          1,
          null,
          null,
          1,
          2,
          2,
          null,
          null,
          1,
          1,
          null,
          null,
          1,
          1,
          1,
          null,
          null,
          1,
          null
        ]
      },
      "/Users/michaelkeohane/Projects/chitter-challenge-apprenticeships/lib/peeps.rb": {
        "lines": [
          1,
          null,
          1,
          null,
          1,
          null,
          null,
          1,
          14,
          14,
          14,
          null,
          null,
          null,
          1,
          3,
          0,
          null,
          3,
          null,
          null,
          3,
          3,
          9,
          null,
          null,
          null,
          1,
          5,
          0,
          null,
          5,
          null,
          5,
          5,
          null,
          null,
          null
        ]
      },
      "/Users/michaelkeohane/Projects/chitter-challenge-apprenticeships/spec/features/creating_peeps_spec.rb": {
        "lines": [
          1,
          1,
          1,
          1,
          1,
          1,
          null,
          1,
          null,
          null
        ]
      },
      "/Users/michaelkeohane/Projects/chitter-challenge-apprenticeships/spec/features/test_page_spec.rb": {
        "lines": [
          1,
          1,
          1,
          1,
          null,
          null
        ]
      },
      "/Users/michaelkeohane/Projects/chitter-challenge-apprenticeships/spec/features/viewing_peeps_spec.rb": {
        "lines": [
          1,
          1,
          1,
          null,
          1,
          null,
          1,
          null,
          null,
          null
        ]
      },
      "/Users/michaelkeohane/Projects/chitter-challenge-apprenticeships/spec/peeps_spec.rb": {
        "lines": [
          1,
          1,
          1,
          null,
          null,
          null,
          null,
          1,
          1,
          1,
          1,
          null,
          1,
          1,
          1,
          null,
          1,
          null,
          1,
          0,
          0,
          0,
          0,
          null,
          null,
          null,
          1,
          1,
          1,
          1,
          null,
          1,
          null,
          1,
          0,
          null,
          null
        ]
      }
    },
    "timestamp": 1604867782
  }
}
